<?xml version="1.0" encoding="UTF-8"?>
<!-- Generated by org.testng.reporters.JUnitReportReporter -->
<testsuite hostname="Vignesh" failures="0" tests="1" name="Runner.TestRunnerTestnG" time="13.144" errors="0" timestamp="2022-02-18T15:03:21 IST" skipped="0">
  <testcase classname="Runner.TestRunnerTestnG" name="runScenario" time="13.144"/>
  <system-out/>
</testsuite> <!-- Runner.TestRunnerTestnG -->
